[INFO ] 15-09-2024 07:18:54.971 pm   com.hms.service.StaffServiceImpl - Attempting to delete staff with id: 1
[INFO ] 15-09-2024 07:18:55.063 pm   com.hms.service.StaffServiceImpl - Attempting to update salary for staff with id: 1 to 5000.0
[INFO ] 15-09-2024 07:18:55.088 pm   com.hms.service.StaffServiceImpl - Attempting to add staff: Staff(code=1, employeeName=null, employeeAddress=null, salary=0.0, age=0, occupation=null, email=null)
[INFO ] 15-09-2024 07:18:55.118 pm   com.hms.service.StaffServiceImpl - Attempting to update salary for staff with id: 1 to 5000.0
[INFO ] 15-09-2024 07:18:55.131 pm   com.hms.service.StaffServiceImpl - Fetching staff details for id: 1
[INFO ] 15-09-2024 07:18:55.168 pm   com.hms.service.StaffServiceImpl - Attempting to delete staff with id: 1
[INFO ] 15-09-2024 07:18:55.186 pm   com.hms.service.StaffServiceImpl - Fetching all staff details
[INFO ] 15-09-2024 07:18:55.199 pm   com.hms.service.StaffServiceImpl - Fetching staff details for id: 1
[INFO ] 15-09-2024 07:23:09.210 pm   com.hms.service.StaffServiceImpl - Attempting to delete staff with id: 1
[INFO ] 15-09-2024 07:23:09.265 pm   com.hms.service.StaffServiceImpl - Attempting to update salary for staff with id: 1 to 5000.0
[INFO ] 15-09-2024 07:23:09.290 pm   com.hms.service.StaffServiceImpl - Attempting to add staff: Staff(code=1, employeeName=null, employeeAddress=null, salary=0.0, age=0, occupation=null, email=null)
[INFO ] 15-09-2024 07:23:09.321 pm   com.hms.service.StaffServiceImpl - Attempting to update salary for staff with id: 1 to 5000.0
[INFO ] 15-09-2024 07:23:09.337 pm   com.hms.service.StaffServiceImpl - Attempting to delete staff with id: 1
[INFO ] 15-09-2024 07:23:09.350 pm   com.hms.service.StaffServiceImpl - Fetching all staff details
[INFO ] 15-09-2024 07:23:09.360 pm   com.hms.service.StaffServiceImpl - Fetching staff details for id: 1
[INFO ] 15-09-2024 07:25:50.533 pm   com.hms.service.StaffServiceImpl - Attempting to delete staff with id: 1
[INFO ] 15-09-2024 07:25:50.581 pm   com.hms.service.StaffServiceImpl - Attempting to add staff: Staff(code=1, employeeName=null, employeeAddress=null, salary=0.0, age=0, occupation=null, email=null)
[INFO ] 15-09-2024 07:25:50.618 pm   com.hms.service.StaffServiceImpl - Attempting to update salary for staff with id: 1 to 5000.0
[INFO ] 15-09-2024 07:25:50.632 pm   com.hms.service.StaffServiceImpl - Fetching all staff details
[INFO ] 15-09-2024 07:25:50.642 pm   com.hms.service.StaffServiceImpl - Fetching staff details for id: 1
[INFO ] 16-09-2024 09:10:13.470 am   com.hms.service.InventoryServiceImpl - Fetching all inventory items
[INFO ] 16-09-2024 09:10:13.533 am   com.hms.service.InventoryServiceImpl - Attempting to update inventory with id: 1 with new details: Inventory(id=1, itemName=UpdatedItem, quantity=150, itemPrice=20.0)
[INFO ] 16-09-2024 09:10:13.551 am   com.hms.service.InventoryServiceImpl - Attempting to add inventory: Inventory(id=1, itemName=Item1, quantity=100, itemPrice=10.0)
[INFO ] 16-09-2024 09:10:13.560 am   com.hms.service.InventoryServiceImpl - Attempting to delete inventory with id: 1
[INFO ] 16-09-2024 09:10:13.728 am   com.hms.service.StaffServiceImpl - Attempting to delete staff with id: 1
[INFO ] 16-09-2024 09:10:13.744 am   com.hms.service.StaffServiceImpl - Attempting to add staff: Staff(code=1, employeeName=null, employeeAddress=null, salary=0.0, age=0, occupation=null, email=null)
[INFO ] 16-09-2024 09:10:13.773 am   com.hms.service.StaffServiceImpl - Attempting to update salary for staff with id: 1 to 5000.0
[INFO ] 16-09-2024 09:10:13.786 am   com.hms.service.StaffServiceImpl - Fetching all staff details
[INFO ] 16-09-2024 09:10:13.803 am   com.hms.service.StaffServiceImpl - Fetching staff details for id: 1
[INFO ] 16-09-2024 09:11:05.076 am   com.hms.service.InventoryServiceImpl - Fetching all inventory items
[INFO ] 16-09-2024 09:11:05.192 am   com.hms.service.InventoryServiceImpl - Attempting to update inventory with id: 1 with new details: Inventory(id=1, itemName=UpdatedItem, quantity=150, itemPrice=20.0)
[INFO ] 16-09-2024 09:11:05.217 am   com.hms.service.InventoryServiceImpl - Attempting to add inventory: Inventory(id=1, itemName=Item1, quantity=100, itemPrice=10.0)
[INFO ] 16-09-2024 09:11:05.223 am   com.hms.service.InventoryServiceImpl - Attempting to delete inventory with id: 1
[INFO ] 16-09-2024 09:11:05.423 am   com.hms.service.StaffServiceImpl - Attempting to delete staff with id: 1
[INFO ] 16-09-2024 09:11:05.445 am   com.hms.service.StaffServiceImpl - Attempting to add staff: Staff(code=1, employeeName=null, employeeAddress=null, salary=0.0, age=0, occupation=null, email=null)
[INFO ] 16-09-2024 09:11:05.476 am   com.hms.service.StaffServiceImpl - Attempting to update salary for staff with id: 1 to 5000.0
[INFO ] 16-09-2024 09:11:05.495 am   com.hms.service.StaffServiceImpl - Fetching all staff details
[INFO ] 16-09-2024 09:11:05.511 am   com.hms.service.StaffServiceImpl - Fetching staff details for id: 1
[INFO ] 16-09-2024 09:15:25.956 am   com.hms.service.InventoryServiceImpl - Fetching all inventory items
[INFO ] 16-09-2024 09:15:26.020 am   com.hms.service.InventoryServiceImpl - Attempting to update inventory with id: 1 with new details: Inventory(id=1, itemName=UpdatedItem, quantity=150, itemPrice=20.0)
[INFO ] 16-09-2024 09:15:26.043 am   com.hms.service.InventoryServiceImpl - Attempting to add inventory: Inventory(id=1, itemName=Item1, quantity=100, itemPrice=10.0)
[INFO ] 16-09-2024 09:15:26.053 am   com.hms.service.InventoryServiceImpl - Attempting to delete inventory with id: 1
[INFO ] 16-09-2024 09:15:26.235 am   com.hms.service.StaffServiceImpl - Attempting to delete staff with id: 1
[INFO ] 16-09-2024 09:15:26.260 am   com.hms.service.StaffServiceImpl - Attempting to add staff: Staff(code=1, employeeName=null, employeeAddress=null, salary=0.0, age=0, occupation=null, email=null)
[INFO ] 16-09-2024 09:15:26.308 am   com.hms.service.StaffServiceImpl - Attempting to update salary for staff with id: 1 to 5000.0
[INFO ] 16-09-2024 09:15:26.326 am   com.hms.service.StaffServiceImpl - Fetching all staff details
[INFO ] 16-09-2024 09:15:26.342 am   com.hms.service.StaffServiceImpl - Fetching staff details for id: 1
[INFO ] 16-09-2024 09:15:50.539 am   com.hms.service.InventoryServiceImpl - Fetching all inventory items
[INFO ] 16-09-2024 09:15:50.642 am   com.hms.service.InventoryServiceImpl - Attempting to update inventory with id: 1 with new details: Inventory(id=1, itemName=UpdatedItem, quantity=150, itemPrice=20.0)
[INFO ] 16-09-2024 09:15:50.671 am   com.hms.service.InventoryServiceImpl - Attempting to add inventory: Inventory(id=1, itemName=Item1, quantity=100, itemPrice=10.0)
[INFO ] 16-09-2024 09:15:50.678 am   com.hms.service.InventoryServiceImpl - Attempting to delete inventory with id: 1
[INFO ] 16-09-2024 09:15:50.936 am   com.hms.service.StaffServiceImpl - Attempting to delete staff with id: 1
[INFO ] 16-09-2024 09:15:50.963 am   com.hms.service.StaffServiceImpl - Attempting to add staff: Staff(code=1, employeeName=null, employeeAddress=null, salary=0.0, age=0, occupation=null, email=null)
[INFO ] 16-09-2024 09:15:51.000 am   com.hms.service.StaffServiceImpl - Attempting to update salary for staff with id: 1 to 5000.0
[INFO ] 16-09-2024 09:15:51.021 am   com.hms.service.StaffServiceImpl - Fetching all staff details
[INFO ] 16-09-2024 09:15:51.041 am   com.hms.service.StaffServiceImpl - Fetching staff details for id: 1
[INFO ] 16-09-2024 10:26:13.863 am   com.hms.service.StaffServiceImpl - Attempting to delete staff with id: 1
[INFO ] 16-09-2024 10:26:13.970 am   com.hms.service.StaffServiceImpl - Attempting to add staff: Staff(code=1, employeeName=null, employeeAddress=null, salary=0.0, age=0, occupation=null, email=null)
[INFO ] 16-09-2024 10:26:14.024 am   com.hms.service.StaffServiceImpl - Attempting to update salary for staff with id: 1 to 5000.0
[INFO ] 16-09-2024 10:26:14.045 am   com.hms.service.StaffServiceImpl - Fetching all staff details
[INFO ] 16-09-2024 10:26:14.066 am   com.hms.service.StaffServiceImpl - Fetching staff details for id: 1
[ERROR] 16-09-2024 10:42:44.562 am   com.hms.exception.GlobalExceptionHandler - Exception occurred: Access Denied
org.springframework.security.authorization.AuthorizationDeniedException: Access Denied
	at org.springframework.security.authorization.method.ThrowingMethodAuthorizationDeniedHandler.handleDeniedInvocation(ThrowingMethodAuthorizationDeniedHandler.java:38)
	at org.springframework.security.authorization.method.PreAuthorizeAuthorizationManager.handleDeniedInvocation(PreAuthorizeAuthorizationManager.java:92)
	at org.springframework.security.authorization.method.AuthorizationManagerBeforeMethodInterceptor.handle(AuthorizationManagerBeforeMethodInterceptor.java:288)
	at org.springframework.security.authorization.method.AuthorizationManagerBeforeMethodInterceptor.attemptAuthorization(AuthorizationManagerBeforeMethodInterceptor.java:261)
	at org.springframework.security.authorization.method.AuthorizationManagerBeforeMethodInterceptor.invoke(AuthorizationManagerBeforeMethodInterceptor.java:197)
	at org.springframework.security.config.annotation.method.configuration.DeferringMethodInterceptor.invoke(DeferringMethodInterceptor.java:44)
	at org.springframework.aop.framework.ReflectiveMethodInvocation.proceed(ReflectiveMethodInvocation.java:184)
	at org.springframework.aop.framework.CglibAopProxy$CglibMethodInvocation.proceed(CglibAopProxy.java:768)
	at org.springframework.aop.framework.CglibAopProxy$DynamicAdvisedInterceptor.intercept(CglibAopProxy.java:720)
	at com.hms.controller.StaffServiceController$$SpringCGLIB$$0.findAllStaffDetails(<generated>)
	at java.base/jdk.internal.reflect.DirectMethodHandleAccessor.invoke(DirectMethodHandleAccessor.java:103)
	at java.base/java.lang.reflect.Method.invoke(Method.java:580)
	at org.springframework.web.method.support.InvocableHandlerMethod.doInvoke(InvocableHandlerMethod.java:255)
	at org.springframework.web.method.support.InvocableHandlerMethod.invokeForRequest(InvocableHandlerMethod.java:188)
	at org.springframework.web.servlet.mvc.method.annotation.ServletInvocableHandlerMethod.invokeAndHandle(ServletInvocableHandlerMethod.java:118)
	at org.springframework.web.servlet.mvc.method.annotation.RequestMappingHandlerAdapter.invokeHandlerMethod(RequestMappingHandlerAdapter.java:926)
	at org.springframework.web.servlet.mvc.method.annotation.RequestMappingHandlerAdapter.handleInternal(RequestMappingHandlerAdapter.java:831)
	at org.springframework.web.servlet.mvc.method.AbstractHandlerMethodAdapter.handle(AbstractHandlerMethodAdapter.java:87)
	at org.springframework.web.servlet.DispatcherServlet.doDispatch(DispatcherServlet.java:1089)
	at org.springframework.web.servlet.DispatcherServlet.doService(DispatcherServlet.java:979)
	at org.springframework.web.servlet.FrameworkServlet.processRequest(FrameworkServlet.java:1014)
	at org.springframework.web.servlet.FrameworkServlet.doGet(FrameworkServlet.java:903)
	at jakarta.servlet.http.HttpServlet.service(HttpServlet.java:564)
	at org.springframework.web.servlet.FrameworkServlet.service(FrameworkServlet.java:885)
	at jakarta.servlet.http.HttpServlet.service(HttpServlet.java:658)
	at org.apache.catalina.core.ApplicationFilterChain.internalDoFilter(ApplicationFilterChain.java:195)
	at org.apache.catalina.core.ApplicationFilterChain.doFilter(ApplicationFilterChain.java:140)
	at org.apache.tomcat.websocket.server.WsFilter.doFilter(WsFilter.java:51)
	at org.apache.catalina.core.ApplicationFilterChain.internalDoFilter(ApplicationFilterChain.java:164)
	at org.apache.catalina.core.ApplicationFilterChain.doFilter(ApplicationFilterChain.java:140)
	at org.springframework.web.filter.OncePerRequestFilter.doFilter(OncePerRequestFilter.java:110)
	at org.apache.catalina.core.ApplicationFilterChain.internalDoFilter(ApplicationFilterChain.java:164)
	at org.apache.catalina.core.ApplicationFilterChain.doFilter(ApplicationFilterChain.java:140)
	at org.springframework.web.filter.CompositeFilter$VirtualFilterChain.doFilter(CompositeFilter.java:108)
	at org.springframework.security.web.FilterChainProxy.lambda$doFilterInternal$3(FilterChainProxy.java:231)
	at org.springframework.security.web.FilterChainProxy$VirtualFilterChain.doFilter(FilterChainProxy.java:365)
	at org.springframework.security.web.access.intercept.AuthorizationFilter.doFilter(AuthorizationFilter.java:100)
	at org.springframework.security.web.FilterChainProxy$VirtualFilterChain.doFilter(FilterChainProxy.java:374)
	at org.springframework.security.web.access.ExceptionTranslationFilter.doFilter(ExceptionTranslationFilter.java:126)
	at org.springframework.security.web.access.ExceptionTranslationFilter.doFilter(ExceptionTranslationFilter.java:120)
	at org.springframework.security.web.FilterChainProxy$VirtualFilterChain.doFilter(FilterChainProxy.java:374)
	at org.springframework.security.web.session.SessionManagementFilter.doFilter(SessionManagementFilter.java:131)
	at org.springframework.security.web.session.SessionManagementFilter.doFilter(SessionManagementFilter.java:85)
	at org.springframework.security.web.FilterChainProxy$VirtualFilterChain.doFilter(FilterChainProxy.java:374)
	at org.springframework.security.web.authentication.AnonymousAuthenticationFilter.doFilter(AnonymousAuthenticationFilter.java:100)
	at org.springframework.security.web.FilterChainProxy$VirtualFilterChain.doFilter(FilterChainProxy.java:374)
	at org.springframework.security.web.servletapi.SecurityContextHolderAwareRequestFilter.doFilter(SecurityContextHolderAwareRequestFilter.java:179)
	at org.springframework.security.web.FilterChainProxy$VirtualFilterChain.doFilter(FilterChainProxy.java:374)
	at org.springframework.security.web.savedrequest.RequestCacheAwareFilter.doFilter(RequestCacheAwareFilter.java:63)
	at org.springframework.security.web.FilterChainProxy$VirtualFilterChain.doFilter(FilterChainProxy.java:374)
	at com.hms.jwt.config.JwtRequestFilter.doFilterInternal(JwtRequestFilter.java:80)
	at org.springframework.web.filter.OncePerRequestFilter.doFilter(OncePerRequestFilter.java:116)
	at org.springframework.security.web.FilterChainProxy$VirtualFilterChain.doFilter(FilterChainProxy.java:374)
	at org.springframework.security.web.authentication.logout.LogoutFilter.doFilter(LogoutFilter.java:107)
	at org.springframework.security.web.authentication.logout.LogoutFilter.doFilter(LogoutFilter.java:93)
	at org.springframework.security.web.FilterChainProxy$VirtualFilterChain.doFilter(FilterChainProxy.java:374)
	at org.springframework.web.filter.CorsFilter.doFilterInternal(CorsFilter.java:91)
	at org.springframework.web.filter.OncePerRequestFilter.doFilter(OncePerRequestFilter.java:116)
	at org.springframework.security.web.FilterChainProxy$VirtualFilterChain.doFilter(FilterChainProxy.java:374)
	at org.springframework.security.web.header.HeaderWriterFilter.doHeadersAfter(HeaderWriterFilter.java:90)
	at org.springframework.security.web.header.HeaderWriterFilter.doFilterInternal(HeaderWriterFilter.java:75)
	at org.springframework.web.filter.OncePerRequestFilter.doFilter(OncePerRequestFilter.java:116)
	at org.springframework.security.web.FilterChainProxy$VirtualFilterChain.doFilter(FilterChainProxy.java:374)
	at org.springframework.security.web.context.SecurityContextHolderFilter.doFilter(SecurityContextHolderFilter.java:82)
	at org.springframework.security.web.context.SecurityContextHolderFilter.doFilter(SecurityContextHolderFilter.java:69)
	at org.springframework.security.web.FilterChainProxy$VirtualFilterChain.doFilter(FilterChainProxy.java:374)
	at org.springframework.security.web.context.request.async.WebAsyncManagerIntegrationFilter.doFilterInternal(WebAsyncManagerIntegrationFilter.java:62)
	at org.springframework.web.filter.OncePerRequestFilter.doFilter(OncePerRequestFilter.java:116)
	at org.springframework.security.web.FilterChainProxy$VirtualFilterChain.doFilter(FilterChainProxy.java:374)
	at org.springframework.security.web.session.DisableEncodeUrlFilter.doFilterInternal(DisableEncodeUrlFilter.java:42)
	at org.springframework.web.filter.OncePerRequestFilter.doFilter(OncePerRequestFilter.java:116)
	at org.springframework.security.web.FilterChainProxy$VirtualFilterChain.doFilter(FilterChainProxy.java:374)
	at org.springframework.security.web.FilterChainProxy.doFilterInternal(FilterChainProxy.java:233)
	at org.springframework.security.web.FilterChainProxy.doFilter(FilterChainProxy.java:191)
	at org.springframework.web.filter.CompositeFilter$VirtualFilterChain.doFilter(CompositeFilter.java:113)
	at org.springframework.web.servlet.handler.HandlerMappingIntrospector.lambda$createCacheFilter$3(HandlerMappingIntrospector.java:195)
	at org.springframework.web.filter.CompositeFilter$VirtualFilterChain.doFilter(CompositeFilter.java:113)
	at org.springframework.web.filter.CompositeFilter.doFilter(CompositeFilter.java:74)
	at org.springframework.security.config.annotation.web.configuration.WebMvcSecurityConfiguration$CompositeFilterChainProxy.doFilter(WebMvcSecurityConfiguration.java:230)
	at org.springframework.web.filter.DelegatingFilterProxy.invokeDelegate(DelegatingFilterProxy.java:352)
	at org.springframework.web.filter.DelegatingFilterProxy.doFilter(DelegatingFilterProxy.java:268)
	at org.apache.catalina.core.ApplicationFilterChain.internalDoFilter(ApplicationFilterChain.java:164)
	at org.apache.catalina.core.ApplicationFilterChain.doFilter(ApplicationFilterChain.java:140)
	at org.springframework.web.filter.RequestContextFilter.doFilterInternal(RequestContextFilter.java:100)
	at org.springframework.web.filter.OncePerRequestFilter.doFilter(OncePerRequestFilter.java:116)
	at org.apache.catalina.core.ApplicationFilterChain.internalDoFilter(ApplicationFilterChain.java:164)
	at org.apache.catalina.core.ApplicationFilterChain.doFilter(ApplicationFilterChain.java:140)
	at org.springframework.web.filter.FormContentFilter.doFilterInternal(FormContentFilter.java:93)
	at org.springframework.web.filter.OncePerRequestFilter.doFilter(OncePerRequestFilter.java:116)
	at org.apache.catalina.core.ApplicationFilterChain.internalDoFilter(ApplicationFilterChain.java:164)
	at org.apache.catalina.core.ApplicationFilterChain.doFilter(ApplicationFilterChain.java:140)
	at org.springframework.web.filter.CharacterEncodingFilter.doFilterInternal(CharacterEncodingFilter.java:201)
	at org.springframework.web.filter.OncePerRequestFilter.doFilter(OncePerRequestFilter.java:116)
	at org.apache.catalina.core.ApplicationFilterChain.internalDoFilter(ApplicationFilterChain.java:164)
	at org.apache.catalina.core.ApplicationFilterChain.doFilter(ApplicationFilterChain.java:140)
	at org.apache.catalina.core.StandardWrapperValve.invoke(StandardWrapperValve.java:167)
	at org.apache.catalina.core.StandardContextValve.invoke(StandardContextValve.java:90)
	at org.apache.catalina.authenticator.AuthenticatorBase.invoke(AuthenticatorBase.java:483)
	at org.apache.catalina.core.StandardHostValve.invoke(StandardHostValve.java:115)
	at org.apache.catalina.valves.ErrorReportValve.invoke(ErrorReportValve.java:93)
	at org.apache.catalina.core.StandardEngineValve.invoke(StandardEngineValve.java:74)
	at org.apache.catalina.connector.CoyoteAdapter.service(CoyoteAdapter.java:344)
	at org.apache.coyote.http11.Http11Processor.service(Http11Processor.java:384)
	at org.apache.coyote.AbstractProcessorLight.process(AbstractProcessorLight.java:63)
	at org.apache.coyote.AbstractProtocol$ConnectionHandler.process(AbstractProtocol.java:904)
	at org.apache.tomcat.util.net.NioEndpoint$SocketProcessor.doRun(NioEndpoint.java:1741)
	at org.apache.tomcat.util.net.SocketProcessorBase.run(SocketProcessorBase.java:52)
	at org.apache.tomcat.util.threads.ThreadPoolExecutor.runWorker(ThreadPoolExecutor.java:1190)
	at org.apache.tomcat.util.threads.ThreadPoolExecutor$Worker.run(ThreadPoolExecutor.java:659)
	at org.apache.tomcat.util.threads.TaskThread$WrappingRunnable.run(TaskThread.java:63)
	at java.base/java.lang.Thread.run(Thread.java:1583)
